nohup: ignoring input
wandb: Using wandb-core as the SDK backend.  Please refer to https://wandb.me/wandb-core for more information.
wandb: Currently logged in as: sliaw (sliaw-california-institute-of-technology-caltech) to https://api.wandb.ai. Use `wandb login --relogin` to force relogin
wandb: Tracking run with wandb version 0.19.9
wandb: Run data is saved locally in /home/sarahl/LMCTS3/wandb/run-20250508_033815-7gf12lzx
wandb: Run `wandb offline` to turn off syncing.
wandb: Syncing run adult_FGMALATS_seed1373_0508_0338
wandb: ⭐️ View project at https://wandb.ai/sliaw-california-institute-of-technology-caltech/ContextualBandit-ICML
wandb: 🚀 View run at https://wandb.ai/sliaw-california-institute-of-technology-caltech/ContextualBandit-ICML/runs/7gf12lzx
Random seed: 1373
Start running...
Traceback (most recent call last):
  File "/home/sarahl/LMCTS3/run_classifier.py", line 136, in <module>
    run(config, args)
  File "/home/sarahl/LMCTS3/run_classifier.py", line 48, in run
    agent = construct_agent_cls(config, device)
  File "/home/sarahl/LMCTS3/train_utils/helper.py", line 162, in construct_agent_cls
    agent = FGMALATS(
  File "/home/sarahl/LMCTS3/algo/fg_malats.py", line 28, in __init__
    super().__init__(*args, **kwargs)
  File "/home/sarahl/LMCTS3/algo/malats.py", line 29, in __init__
    super().__init__(*args, **kwargs)
  File "/home/sarahl/LMCTS3/algo/lmcts.py", line 18, in __init__
    super(LMCTS, self).__init__(name)
  File "/home/sarahl/LMCTS3/algo/base.py", line 5, in __init__
    self.name = name
AttributeError: can't set attribute
[1;34mwandb[0m: 
[1;34mwandb[0m: 🚀 View run [33madult_FGMALATS_seed1373_0508_0338[0m at: [34mhttps://wandb.ai/sliaw-california-institute-of-technology-caltech/ContextualBandit-ICML/runs/7gf12lzx[0m
[1;34mwandb[0m: Find logs at: [1;35mwandb/run-20250508_033815-7gf12lzx/logs[0m
